<?xml version="1.0" encoding="UTF-8" ?>
<testsuite tests="9" failures="0" name="aula2.CalculadoraTest" time="0.007" errors="0" skipped="0">
  <properties>
[...]
</properties>
  <testcase classname="aula2.CalculadoraTest" name="aula2.CalculadoraTest.testSomar1" time="0.001"/>
  <testcase classname="aula2.CalculadoraTest" name="aula2.CalculadoraTest.testMultiplicacao1" time="0"/>
  <testcase classname="aula2.CalculadoraTest" name="aula2.CalculadoraTest.testDivisao1" time="0"/>
  <testcase classname="aula2.CalculadoraTest" name="aula2.CalculadoraTest.testSubtrair1" time="0"/>
  <testcase classname="aula2.CalculadoraTest" name="aula2.CalculadoraTest.testSomar2" time="0"/>
  <testcase classname="aula2.CalculadoraTest" name="aula2.CalculadoraTest.testMultiplicacao2" time="0"/>
  <testcase classname="aula2.CalculadoraTest" name="aula2.CalculadoraTest.testSomar3" time="0"/>
  <testcase classname="aula2.CalculadoraTest" name="aula2.CalculadoraTest.testDivisao2" time="0.006"/>
  <testcase classname="aula2.CalculadoraTest" name="aula2.CalculadoraTest.testSubtrair2" time="0"/>
</testsuite>